<?xml version="1.0" encoding="UTF-8"?>
<!-- Generated by org.testng.reporters.JUnitXMLReporter -->
<testsuite ignored="0" hostname="DESKTOP-5KOQ1HL" failures="0" tests="2" name="Test" time="0.669" errors="0" timestamp="2021-01-25T17:26:11 IST">
  <testcase classname="TestRunner.RunnerClass" name="feature" time="0.208">
    <skipped/>
  </testcase> <!-- feature -->
  <testcase classname="TestRunner.RunnerClass" name="feature" time="0.022">
    <skipped/>
  </testcase> <!-- feature -->
</testsuite> <!-- Test -->
