<?xml version="1.0" encoding="UTF-8"?>
<testng-results total="1" passed="1" failed="0" skipped="0">
  <reporter-output>
  </reporter-output>
  <suite started-at="2021-02-01T11:50:56Z" name="Suite" finished-at="2021-02-01T11:51:09Z" duration-ms="12244">
    <groups>
    </groups>
    <test started-at="2021-02-01T11:50:56Z" name="Test" finished-at="2021-02-01T11:51:09Z" duration-ms="12244">
      <class name="TestRunner.RunnerClass">
        <test-method is-config="true" signature="setUpClass()[pri:0, instance:TestRunner.RunnerClass@776a6d9b]" started-at="2021-02-01T17:20:56Z" name="setUpClass" finished-at="2021-02-01T17:20:57Z" duration-ms="174" status="PASS">
          <reporter-output>
          </reporter-output>
        </test-method> <!-- setUpClass -->
        <test-method signature="feature(io.cucumber.testng.PickleEventWrapper, io.cucumber.testng.CucumberFeatureWrapper)[pri:0, instance:TestRunner.RunnerClass@776a6d9b]" started-at="2021-02-01T17:20:57Z" name="feature" data-provider="scenarios" finished-at="2021-02-01T17:21:09Z" duration-ms="11904" status="PASS">
          <params>
            <param index="0">
              <value>
                <![CDATA["User selects an EMI tenure"]]>
              </value>
            </param>
            <param index="1">
              <value>
                <![CDATA["Title of your feature"]]>
              </value>
            </param>
          </params>
          <reporter-output>
          </reporter-output>
        </test-method> <!-- feature -->
        <test-method is-config="true" signature="tearDownClass()[pri:0, instance:TestRunner.RunnerClass@776a6d9b]" started-at="2021-02-01T17:21:09Z" name="tearDownClass" finished-at="2021-02-01T17:21:09Z" duration-ms="109" status="PASS">
          <reporter-output>
          </reporter-output>
        </test-method> <!-- tearDownClass -->
      </class> <!-- TestRunner.RunnerClass -->
    </test> <!-- Test -->
  </suite> <!-- Suite -->
</testng-results>
