<?xml version="1.0" encoding="UTF-8"?>
<testng-results ignored="0" total="1" passed="1" failed="0" skipped="0">
  <reporter-output>
  </reporter-output>
  <suite started-at="2021-01-29T16:21:01 IST" name="Suite" finished-at="2021-01-29T16:21:15 IST" duration-ms="13460">
    <groups>
    </groups>
    <test started-at="2021-01-29T16:21:01 IST" name="Test" finished-at="2021-01-29T16:21:15 IST" duration-ms="13460">
      <class name="TestRunner.RunnerClass">
        <test-method is-config="true" signature="setUpClass()[pri:0, instance:TestRunner.RunnerClass@3a6bb9bf]" started-at="2021-01-29T16:21:01 IST" name="setUpClass" finished-at="2021-01-29T16:21:02 IST" duration-ms="185" status="PASS">
          <reporter-output>
          </reporter-output>
        </test-method> <!-- setUpClass -->
        <test-method signature="feature(io.cucumber.testng.PickleEventWrapper, io.cucumber.testng.CucumberFeatureWrapper)[pri:0, instance:TestRunner.RunnerClass@3a6bb9bf]" started-at="2021-01-29T16:21:02 IST" name="feature" data-provider="scenarios" finished-at="2021-01-29T16:21:15 IST" duration-ms="13079" status="PASS">
          <params>
            <param index="0">
              <value>
                <![CDATA["User selects an EMI tenure"]]>
              </value>
            </param>
            <param index="1">
              <value>
                <![CDATA["Title of your feature"]]>
              </value>
            </param>
          </params>
          <reporter-output>
          </reporter-output>
        </test-method> <!-- feature -->
        <test-method is-config="true" signature="tearDownClass()[pri:0, instance:TestRunner.RunnerClass@3a6bb9bf]" started-at="2021-01-29T16:21:15 IST" name="tearDownClass" finished-at="2021-01-29T16:21:15 IST" duration-ms="75" status="PASS">
          <reporter-output>
          </reporter-output>
        </test-method> <!-- tearDownClass -->
      </class> <!-- TestRunner.RunnerClass -->
    </test> <!-- Test -->
  </suite> <!-- Suite -->
</testng-results>
