<?xml version="1.0" encoding="UTF-8"?>
<testng-results ignored="0" total="1" passed="1" failed="0" skipped="0">
  <reporter-output>
  </reporter-output>
  <suite started-at="2021-01-27T00:27:18 IST" name="Default suite" finished-at="2021-01-27T00:27:36 IST" duration-ms="17561">
    <groups>
    </groups>
    <test started-at="2021-01-27T00:27:18 IST" name="Default test" finished-at="2021-01-27T00:27:36 IST" duration-ms="17561">
      <class name="TestRunner.RunnerClass">
        <test-method is-config="true" signature="setUpClass()[pri:0, instance:TestRunner.RunnerClass@68c72235]" started-at="2021-01-27T00:27:18 IST" name="setUpClass" finished-at="2021-01-27T00:27:19 IST" duration-ms="496" status="PASS">
          <reporter-output>
          </reporter-output>
        </test-method> <!-- setUpClass -->
        <test-method signature="feature(io.cucumber.testng.PickleEventWrapper, io.cucumber.testng.CucumberFeatureWrapper)[pri:0, instance:TestRunner.RunnerClass@68c72235]" started-at="2021-01-27T00:27:19 IST" name="feature" data-provider="scenarios" finished-at="2021-01-27T00:27:36 IST" duration-ms="16784" status="PASS">
          <params>
            <param index="0">
              <value>
                <![CDATA["User selects an EMI tenure"]]>
              </value>
            </param>
            <param index="1">
              <value>
                <![CDATA["Title of your feature"]]>
              </value>
            </param>
          </params>
          <reporter-output>
          </reporter-output>
        </test-method> <!-- feature -->
        <test-method is-config="true" signature="tearDownClass()[pri:0, instance:TestRunner.RunnerClass@68c72235]" started-at="2021-01-27T00:27:36 IST" name="tearDownClass" finished-at="2021-01-27T00:27:36 IST" duration-ms="98" status="PASS">
          <reporter-output>
          </reporter-output>
        </test-method> <!-- tearDownClass -->
      </class> <!-- TestRunner.RunnerClass -->
    </test> <!-- Default test -->
  </suite> <!-- Default suite -->
</testng-results>
